This file contains any messages produced by compilers while
running configure, to aid debugging if configure makes a mistake.

It was created by configure, which was
generated by GNU Autoconf 2.67.  Invocation command line was

  $ ./configure CC=gcc-4.4.3

## --------- ##
## Platform. ##
## --------- ##

hostname = osl-96
uname -m = x86_64
uname -r = 3.2.0-39-generic
uname -s = Linux
uname -v = #62-Ubuntu SMP Thu Feb 28 00:28:53 UTC 2013

/usr/bin/uname -p = unknown
/bin/uname -X     = unknown

/bin/arch              = unknown
/usr/bin/arch -k       = unknown
/usr/convex/getsysinfo = unknown
/usr/bin/hostinfo      = unknown
/bin/machine           = unknown
/usr/bin/oslevel       = unknown
/bin/universe          = unknown

PATH: /usr/lib/lightdm/lightdm
PATH: /usr/local/sbin
PATH: /usr/local/bin
PATH: /usr/sbin
PATH: /usr/bin
PATH: /sbin
PATH: /bin
PATH: /usr/games
PATH: /usr/lib/oracle/12.1/client64/bin
PATH: /extra/lib/simplecpp
PATH: /usr/local/ns-allinone-2.35/bin
PATH: /usr/local/ns-allinone-2.35/tcl8.5.10/unix
PATH: /usr/local/ns-allinone-2.35/tk8.5.10/unix
PATH: /extra/14.7/ISE_DS/ISE/bin/lin64
PATH: /extra/os161/tools/bin
PATH: /extra/os161/tools/bin
PATH: /extra/tool-chain/bin


## ----------- ##
## Core tests. ##
## ----------- ##

configure:2303: checking for a BSD-compatible install
configure:2371: result: /usr/bin/install -c
configure:2382: checking whether build environment is sane
configure:2432: result: yes
configure:2573: checking for a thread-safe mkdir -p
configure:2612: result: /bin/mkdir -p
configure:2625: checking for gawk
configure:2641: found /usr/bin/gawk
configure:2652: result: gawk
configure:2663: checking whether make sets $(MAKE)
configure:2685: result: yes
configure:2813: checking for gcc
configure:2840: result: gcc-4.4.3
configure:3069: checking for C compiler version
configure:3078: gcc-4.4.3 --version >&5
gcc-4.4.3 (GCC) 4.4.3
Copyright (C) 2010 Free Software Foundation, Inc.
This is free software; see the source for copying conditions.  There is NO
warranty; not even for MERCHANTABILITY or FITNESS FOR A PARTICULAR PURPOSE.

configure:3089: $? = 0
configure:3078: gcc-4.4.3 -v >&5
Using built-in specs.
Target: i686-sangita-linux-gnu
Configured with: ../../src/gcc-4.4.3/configure --target=i686-sangita-linux-gnu --prefix=/extra/tool-chain/tools --with-sysroot=/extra/tool-chain/sysroot --enable-__cxa_atexit --disable-libssp --disable-libgomp --disable-libmudflap --enable-languages=c,c++
Thread model: posix
gcc version 4.4.3 (GCC) 
configure:3089: $? = 0
configure:3078: gcc-4.4.3 -V >&5
gcc-4.4.3: '-V' option must have argument
configure:3089: $? = 1
configure:3078: gcc-4.4.3 -qversion >&5
gcc-4.4.3: unrecognized option '-qversion'
gcc-4.4.3: no input files
configure:3089: $? = 1
configure:3109: checking whether the C compiler works
configure:3131: gcc-4.4.3    conftest.c  >&5
configure:3135: $? = 0
configure:3183: result: yes
configure:3186: checking for C compiler default output file name
configure:3188: result: a.out
configure:3194: checking for suffix of executables
configure:3201: gcc-4.4.3 -o conftest    conftest.c  >&5
configure:3205: $? = 0
configure:3227: result: 
configure:3249: checking whether we are cross compiling
configure:3257: gcc-4.4.3 -o conftest    conftest.c  >&5
configure:3261: $? = 0
configure:3268: ./conftest
configure:3272: $? = 0
configure:3287: result: no
configure:3292: checking for suffix of object files
configure:3314: gcc-4.4.3 -c   conftest.c >&5
configure:3318: $? = 0
configure:3339: result: o
configure:3343: checking whether we are using the GNU C compiler
configure:3362: gcc-4.4.3 -c   conftest.c >&5
configure:3362: $? = 0
configure:3371: result: yes
configure:3380: checking whether gcc-4.4.3 accepts -g
configure:3400: gcc-4.4.3 -c -g  conftest.c >&5
configure:3400: $? = 0
configure:3441: result: yes
configure:3458: checking for gcc-4.4.3 option to accept ISO C89
configure:3522: gcc-4.4.3  -c -g -O2  conftest.c >&5
configure:3522: $? = 0
configure:3535: result: none needed
configure:3566: checking for style of include used by make
configure:3594: result: GNU
configure:3619: checking dependency style of gcc-4.4.3
configure:3729: result: gcc3
configure:3802: checking for g++
configure:3818: found /usr/bin/g++
configure:3829: result: g++
configure:3856: checking for C++ compiler version
configure:3865: g++ --version >&5
g++ (Ubuntu 4.8.1-2ubuntu1~12.04) 4.8.1
Copyright (C) 2013 Free Software Foundation, Inc.
This is free software; see the source for copying conditions.  There is NO
warranty; not even for MERCHANTABILITY or FITNESS FOR A PARTICULAR PURPOSE.

configure:3876: $? = 0
configure:3865: g++ -v >&5
Using built-in specs.
COLLECT_GCC=g++
COLLECT_LTO_WRAPPER=/usr/lib/gcc/x86_64-linux-gnu/4.8/lto-wrapper
Target: x86_64-linux-gnu
Configured with: ../src/configure -v --with-pkgversion='Ubuntu 4.8.1-2ubuntu1~12.04' --with-bugurl=file:///usr/share/doc/gcc-4.8/README.Bugs --enable-languages=c,c++,java,go,d,fortran,objc,obj-c++ --prefix=/usr --program-suffix=-4.8 --enable-shared --enable-linker-build-id --libexecdir=/usr/lib --without-included-gettext --enable-threads=posix --with-gxx-include-dir=/usr/include/c++/4.8 --libdir=/usr/lib --enable-nls --with-sysroot=/ --enable-clocale=gnu --enable-libstdcxx-debug --enable-libstdcxx-time=yes --enable-gnu-unique-object --enable-plugin --with-system-zlib --disable-browser-plugin --enable-java-awt=gtk --enable-gtk-cairo --with-java-home=/usr/lib/jvm/java-1.5.0-gcj-4.8-amd64/jre --enable-java-home --with-jvm-root-dir=/usr/lib/jvm/java-1.5.0-gcj-4.8-amd64 --with-jvm-jar-dir=/usr/lib/jvm-exports/java-1.5.0-gcj-4.8-amd64 --with-arch-directory=amd64 --with-ecj-jar=/usr/share/java/eclipse-ecj.jar --enable-objc-gc --enable-multiarch --disable-werror --with-arch-32=i686 --with-abi=m64 --with-multilib-list=m32,m64 --with-tune=generic --enable-checking=release --build=x86_64-linux-gnu --host=x86_64-linux-gnu --target=x86_64-linux-gnu
Thread model: posix
gcc version 4.8.1 (Ubuntu 4.8.1-2ubuntu1~12.04) 
configure:3876: $? = 0
configure:3865: g++ -V >&5
g++: error: unrecognized command line option '-V'
g++: fatal error: no input files
compilation terminated.
configure:3876: $? = 4
configure:3865: g++ -qversion >&5
g++: error: unrecognized command line option '-qversion'
g++: fatal error: no input files
compilation terminated.
configure:3876: $? = 4
configure:3880: checking whether we are using the GNU C++ compiler
configure:3899: g++ -c   conftest.cpp >&5
configure:3899: $? = 0
configure:3908: result: yes
configure:3917: checking whether g++ accepts -g
configure:3937: g++ -c -g  conftest.cpp >&5
configure:3937: $? = 0
configure:3978: result: yes
configure:4003: checking dependency style of g++
configure:4113: result: gcc3
configure:4172: checking for ranlib
configure:4188: found /usr/bin/ranlib
configure:4199: result: ranlib
configure:4229: checking how to run the C preprocessor
configure:4260: gcc-4.4.3 -E  conftest.c
configure:4260: $? = 0
configure:4274: gcc-4.4.3 -E  conftest.c
conftest.c:11:28: error: ac_nonexistent.h: No such file or directory
configure:4274: $? = 1
configure: failed program was:
| /* confdefs.h */
| #define PACKAGE_NAME ""
| #define PACKAGE_TARNAME ""
| #define PACKAGE_VERSION ""
| #define PACKAGE_STRING ""
| #define PACKAGE_BUGREPORT ""
| #define PACKAGE_URL ""
| #define PACKAGE "multi2sim"
| #define VERSION "3.0.2"
| /* end confdefs.h.  */
| #include <ac_nonexistent.h>
configure:4299: result: gcc-4.4.3 -E
configure:4319: gcc-4.4.3 -E  conftest.c
configure:4319: $? = 0
configure:4333: gcc-4.4.3 -E  conftest.c
conftest.c:11:28: error: ac_nonexistent.h: No such file or directory
configure:4333: $? = 1
configure: failed program was:
| /* confdefs.h */
| #define PACKAGE_NAME ""
| #define PACKAGE_TARNAME ""
| #define PACKAGE_VERSION ""
| #define PACKAGE_STRING ""
| #define PACKAGE_BUGREPORT ""
| #define PACKAGE_URL ""
| #define PACKAGE "multi2sim"
| #define VERSION "3.0.2"
| /* end confdefs.h.  */
| #include <ac_nonexistent.h>
configure:4362: checking for grep that handles long lines and -e
configure:4420: result: /bin/grep
configure:4425: checking for egrep
configure:4487: result: /bin/grep -E
configure:4492: checking for ANSI C header files
configure:4512: gcc-4.4.3 -c -g -O2  conftest.c >&5
configure:4512: $? = 0
configure:4585: gcc-4.4.3 -o conftest -g -O2   conftest.c  >&5
configure:4585: $? = 0
configure:4585: ./conftest
configure:4585: $? = 0
configure:4596: result: yes
configure:4604: checking for sys/wait.h that is POSIX.1 compatible
configure:4630: gcc-4.4.3 -c -g -O2  conftest.c >&5
configure:4630: $? = 0
configure:4637: result: yes
configure:4650: checking for sys/types.h
configure:4650: gcc-4.4.3 -c -g -O2  conftest.c >&5
configure:4650: $? = 0
configure:4650: result: yes
configure:4650: checking for sys/stat.h
configure:4650: gcc-4.4.3 -c -g -O2  conftest.c >&5
configure:4650: $? = 0
configure:4650: result: yes
configure:4650: checking for stdlib.h
configure:4650: gcc-4.4.3 -c -g -O2  conftest.c >&5
configure:4650: $? = 0
configure:4650: result: yes
configure:4650: checking for string.h
configure:4650: gcc-4.4.3 -c -g -O2  conftest.c >&5
configure:4650: $? = 0
configure:4650: result: yes
configure:4650: checking for memory.h
configure:4650: gcc-4.4.3 -c -g -O2  conftest.c >&5
configure:4650: $? = 0
configure:4650: result: yes
configure:4650: checking for strings.h
configure:4650: gcc-4.4.3 -c -g -O2  conftest.c >&5
configure:4650: $? = 0
configure:4650: result: yes
configure:4650: checking for inttypes.h
configure:4650: gcc-4.4.3 -c -g -O2  conftest.c >&5
configure:4650: $? = 0
configure:4650: result: yes
configure:4650: checking for stdint.h
configure:4650: gcc-4.4.3 -c -g -O2  conftest.c >&5
configure:4650: $? = 0
configure:4650: result: yes
configure:4650: checking for unistd.h
configure:4650: gcc-4.4.3 -c -g -O2  conftest.c >&5
configure:4650: $? = 0
configure:4650: result: yes
configure:4665: checking fcntl.h usability
configure:4665: gcc-4.4.3 -c -g -O2  conftest.c >&5
configure:4665: $? = 0
configure:4665: result: yes
configure:4665: checking fcntl.h presence
configure:4665: gcc-4.4.3 -E  conftest.c
configure:4665: $? = 0
configure:4665: result: yes
configure:4665: checking for fcntl.h
configure:4665: result: yes
configure:4665: checking for stdint.h
configure:4665: result: yes
configure:4665: checking for stdlib.h
configure:4665: result: yes
configure:4665: checking for string.h
configure:4665: result: yes
configure:4665: checking sys/ioctl.h usability
configure:4665: gcc-4.4.3 -c -g -O2  conftest.c >&5
configure:4665: $? = 0
configure:4665: result: yes
configure:4665: checking sys/ioctl.h presence
configure:4665: gcc-4.4.3 -E  conftest.c
configure:4665: $? = 0
configure:4665: result: yes
configure:4665: checking for sys/ioctl.h
configure:4665: result: yes
configure:4665: checking sys/time.h usability
configure:4665: gcc-4.4.3 -c -g -O2  conftest.c >&5
configure:4665: $? = 0
configure:4665: result: yes
configure:4665: checking sys/time.h presence
configure:4665: gcc-4.4.3 -E  conftest.c
configure:4665: $? = 0
configure:4665: result: yes
configure:4665: checking for sys/time.h
configure:4665: result: yes
configure:4665: checking termios.h usability
configure:4665: gcc-4.4.3 -c -g -O2  conftest.c >&5
configure:4665: $? = 0
configure:4665: result: yes
configure:4665: checking termios.h presence
configure:4665: gcc-4.4.3 -E  conftest.c
configure:4665: $? = 0
configure:4665: result: yes
configure:4665: checking for termios.h
configure:4665: result: yes
configure:4665: checking for unistd.h
configure:4665: result: yes
configure:4677: checking for an ANSI C-conforming const
configure:4742: gcc-4.4.3 -c -g -O2  conftest.c >&5
configure:4742: $? = 0
configure:4749: result: yes
configure:4757: checking for size_t
configure:4757: gcc-4.4.3 -c -g -O2  conftest.c >&5
configure:4757: $? = 0
configure:4757: gcc-4.4.3 -c -g -O2  conftest.c >&5
conftest.c: In function 'main':
conftest.c:66: error: expected expression before ')' token
configure:4757: $? = 1
configure: failed program was:
| /* confdefs.h */
| #define PACKAGE_NAME ""
| #define PACKAGE_TARNAME ""
| #define PACKAGE_VERSION ""
| #define PACKAGE_STRING ""
| #define PACKAGE_BUGREPORT ""
| #define PACKAGE_URL ""
| #define PACKAGE "multi2sim"
| #define VERSION "3.0.2"
| #define STDC_HEADERS 1
| #define HAVE_SYS_WAIT_H 1
| #define HAVE_SYS_TYPES_H 1
| #define HAVE_SYS_STAT_H 1
| #define HAVE_STDLIB_H 1
| #define HAVE_STRING_H 1
| #define HAVE_MEMORY_H 1
| #define HAVE_STRINGS_H 1
| #define HAVE_INTTYPES_H 1
| #define HAVE_STDINT_H 1
| #define HAVE_UNISTD_H 1
| #define HAVE_FCNTL_H 1
| #define HAVE_STDINT_H 1
| #define HAVE_STDLIB_H 1
| #define HAVE_STRING_H 1
| #define HAVE_SYS_IOCTL_H 1
| #define HAVE_SYS_TIME_H 1
| #define HAVE_TERMIOS_H 1
| #define HAVE_UNISTD_H 1
| /* end confdefs.h.  */
| #include <stdio.h>
| #ifdef HAVE_SYS_TYPES_H
| # include <sys/types.h>
| #endif
| #ifdef HAVE_SYS_STAT_H
| # include <sys/stat.h>
| #endif
| #ifdef STDC_HEADERS
| # include <stdlib.h>
| # include <stddef.h>
| #else
| # ifdef HAVE_STDLIB_H
| #  include <stdlib.h>
| # endif
| #endif
| #ifdef HAVE_STRING_H
| # if !defined STDC_HEADERS && defined HAVE_MEMORY_H
| #  include <memory.h>
| # endif
| # include <string.h>
| #endif
| #ifdef HAVE_STRINGS_H
| # include <strings.h>
| #endif
| #ifdef HAVE_INTTYPES_H
| # include <inttypes.h>
| #endif
| #ifdef HAVE_STDINT_H
| # include <stdint.h>
| #endif
| #ifdef HAVE_UNISTD_H
| # include <unistd.h>
| #endif
| int
| main ()
| {
| if (sizeof ((size_t)))
| 	    return 0;
|   ;
|   return 0;
| }
configure:4757: result: yes
configure:4768: checking for struct stat.st_blksize
configure:4768: gcc-4.4.3 -c -g -O2  conftest.c >&5
configure:4768: $? = 0
configure:4768: result: yes
configure:4778: checking for struct stat.st_blocks
configure:4778: gcc-4.4.3 -c -g -O2  conftest.c >&5
configure:4778: $? = 0
configure:4778: result: yes
configure:4798: checking for struct stat.st_rdev
configure:4798: gcc-4.4.3 -c -g -O2  conftest.c >&5
configure:4798: $? = 0
configure:4798: result: yes
configure:4808: checking whether time.h and sys/time.h may both be included
configure:4828: gcc-4.4.3 -c -g -O2  conftest.c >&5
configure:4828: $? = 0
configure:4835: result: yes
configure:4846: checking whether gcc-4.4.3 needs -traditional
configure:4880: result: no
configure:4887: checking whether lstat correctly handles trailing slash
configure:4913: gcc-4.4.3 -o conftest -g -O2   conftest.c  >&5
configure:4913: $? = 0
configure:4913: ./conftest
configure:4913: $? = 0
configure:4930: result: yes
configure:4949: checking whether lstat accepts an empty string
configure:4969: gcc-4.4.3 -o conftest -g -O2   conftest.c  >&5
configure:4969: $? = 0
configure:4969: ./conftest
configure:4969: $? = 0
configure:4979: result: no
configure:4995: checking whether lstat correctly handles trailing slash
configure:5038: result: yes
configure:5059: checking for stdlib.h
configure:5059: result: yes
configure:5069: checking for GNU libc compatible malloc
configure:5093: gcc-4.4.3 -o conftest -g -O2   conftest.c  >&5
configure:5093: $? = 0
configure:5093: ./conftest
configure:5093: $? = 0
configure:5103: result: yes
configure:5126: checking for stdlib.h
configure:5126: result: yes
configure:5136: checking for GNU libc compatible realloc
configure:5160: gcc-4.4.3 -o conftest -g -O2   conftest.c  >&5
configure:5160: $? = 0
configure:5160: ./conftest
configure:5160: $? = 0
configure:5170: result: yes
configure:5191: checking return type of signal handlers
configure:5209: gcc-4.4.3 -c -g -O2  conftest.c >&5
conftest.c: In function 'main':
conftest.c:47: error: void value not ignored as it ought to be
configure:5209: $? = 1
configure: failed program was:
| /* confdefs.h */
| #define PACKAGE_NAME ""
| #define PACKAGE_TARNAME ""
| #define PACKAGE_VERSION ""
| #define PACKAGE_STRING ""
| #define PACKAGE_BUGREPORT ""
| #define PACKAGE_URL ""
| #define PACKAGE "multi2sim"
| #define VERSION "3.0.2"
| #define STDC_HEADERS 1
| #define HAVE_SYS_WAIT_H 1
| #define HAVE_SYS_TYPES_H 1
| #define HAVE_SYS_STAT_H 1
| #define HAVE_STDLIB_H 1
| #define HAVE_STRING_H 1
| #define HAVE_MEMORY_H 1
| #define HAVE_STRINGS_H 1
| #define HAVE_INTTYPES_H 1
| #define HAVE_STDINT_H 1
| #define HAVE_UNISTD_H 1
| #define HAVE_FCNTL_H 1
| #define HAVE_STDINT_H 1
| #define HAVE_STDLIB_H 1
| #define HAVE_STRING_H 1
| #define HAVE_SYS_IOCTL_H 1
| #define HAVE_SYS_TIME_H 1
| #define HAVE_TERMIOS_H 1
| #define HAVE_UNISTD_H 1
| #define HAVE_STRUCT_STAT_ST_BLKSIZE 1
| #define HAVE_STRUCT_STAT_ST_BLOCKS 1
| #define HAVE_ST_BLOCKS 1
| #define HAVE_STRUCT_STAT_ST_RDEV 1
| #define TIME_WITH_SYS_TIME 1
| #define LSTAT_FOLLOWS_SLASHED_SYMLINK 1
| #define LSTAT_FOLLOWS_SLASHED_SYMLINK 1
| #define HAVE_STDLIB_H 1
| #define HAVE_MALLOC 1
| #define HAVE_STDLIB_H 1
| #define HAVE_REALLOC 1
| /* end confdefs.h.  */
| #include <sys/types.h>
| #include <signal.h>
| 
| int
| main ()
| {
| return *(signal (0, 0)) (0) == 1;
|   ;
|   return 0;
| }
configure:5216: result: void
configure:5224: checking whether stat accepts an empty string
configure:5244: gcc-4.4.3 -o conftest -g -O2   conftest.c  >&5
configure:5244: $? = 0
configure:5244: ./conftest
configure:5244: $? = 0
configure:5254: result: no
configure:5272: checking for vprintf
configure:5272: gcc-4.4.3 -o conftest -g -O2   conftest.c  >&5
conftest.c:65: warning: conflicting types for built-in function 'vprintf'
configure:5272: $? = 0
configure:5272: result: yes
configure:5278: checking for _doprnt
configure:5278: gcc-4.4.3 -o conftest -g -O2   conftest.c  >&5
/tmp/ccLBDYts.o: In function `main':
/users/ug11/venkateshn/Documents/os/6/both/guestos/conftest.c:77: undefined reference to `_doprnt'
collect2: ld returned 1 exit status
configure:5278: $? = 1
configure: failed program was:
| /* confdefs.h */
| #define PACKAGE_NAME ""
| #define PACKAGE_TARNAME ""
| #define PACKAGE_VERSION ""
| #define PACKAGE_STRING ""
| #define PACKAGE_BUGREPORT ""
| #define PACKAGE_URL ""
| #define PACKAGE "multi2sim"
| #define VERSION "3.0.2"
| #define STDC_HEADERS 1
| #define HAVE_SYS_WAIT_H 1
| #define HAVE_SYS_TYPES_H 1
| #define HAVE_SYS_STAT_H 1
| #define HAVE_STDLIB_H 1
| #define HAVE_STRING_H 1
| #define HAVE_MEMORY_H 1
| #define HAVE_STRINGS_H 1
| #define HAVE_INTTYPES_H 1
| #define HAVE_STDINT_H 1
| #define HAVE_UNISTD_H 1
| #define HAVE_FCNTL_H 1
| #define HAVE_STDINT_H 1
| #define HAVE_STDLIB_H 1
| #define HAVE_STRING_H 1
| #define HAVE_SYS_IOCTL_H 1
| #define HAVE_SYS_TIME_H 1
| #define HAVE_TERMIOS_H 1
| #define HAVE_UNISTD_H 1
| #define HAVE_STRUCT_STAT_ST_BLKSIZE 1
| #define HAVE_STRUCT_STAT_ST_BLOCKS 1
| #define HAVE_ST_BLOCKS 1
| #define HAVE_STRUCT_STAT_ST_RDEV 1
| #define TIME_WITH_SYS_TIME 1
| #define LSTAT_FOLLOWS_SLASHED_SYMLINK 1
| #define LSTAT_FOLLOWS_SLASHED_SYMLINK 1
| #define HAVE_STDLIB_H 1
| #define HAVE_MALLOC 1
| #define HAVE_STDLIB_H 1
| #define HAVE_REALLOC 1
| #define RETSIGTYPE void
| #define HAVE_VPRINTF 1
| /* end confdefs.h.  */
| /* Define _doprnt to an innocuous variant, in case <limits.h> declares _doprnt.
|    For example, HP-UX 11i <limits.h> declares gettimeofday.  */
| #define _doprnt innocuous__doprnt
| 
| /* System header to define __stub macros and hopefully few prototypes,
|     which can conflict with char _doprnt (); below.
|     Prefer <limits.h> to <assert.h> if __STDC__ is defined, since
|     <limits.h> exists even on freestanding compilers.  */
| 
| #ifdef __STDC__
| # include <limits.h>
| #else
| # include <assert.h>
| #endif
| 
| #undef _doprnt
| 
| /* Override any GCC internal prototype to avoid an error.
|    Use char because int might match the return type of a GCC
|    builtin and then its argument prototype would still apply.  */
| #ifdef __cplusplus
| extern "C"
| #endif
| char _doprnt ();
| /* The GNU C library defines this for functions which it implements
|     to always fail with ENOSYS.  Some functions are actually named
|     something starting with __ and the normal name is an alias.  */
| #if defined __stub__doprnt || defined __stub____doprnt
| choke me
| #endif
| 
| int
| main ()
| {
| return _doprnt ();
|   ;
|   return 0;
| }
configure:5278: result: no
configure:5292: checking for alarm
configure:5292: gcc-4.4.3 -o conftest -g -O2   conftest.c  >&5
configure:5292: $? = 0
configure:5292: result: yes
configure:5292: checking for bzero
configure:5292: gcc-4.4.3 -o conftest -g -O2   conftest.c  >&5
conftest.c:67: warning: conflicting types for built-in function 'bzero'
configure:5292: $? = 0
configure:5292: result: yes
configure:5292: checking for ftruncate
configure:5292: gcc-4.4.3 -o conftest -g -O2   conftest.c  >&5
configure:5292: $? = 0
configure:5292: result: yes
configure:5292: checking for getcwd
configure:5292: gcc-4.4.3 -o conftest -g -O2   conftest.c  >&5
configure:5292: $? = 0
configure:5292: result: yes
configure:5292: checking for gettimeofday
configure:5292: gcc-4.4.3 -o conftest -g -O2   conftest.c  >&5
configure:5292: $? = 0
configure:5292: result: yes
configure:5292: checking for mkdir
configure:5292: gcc-4.4.3 -o conftest -g -O2   conftest.c  >&5
configure:5292: $? = 0
configure:5292: result: yes
configure:5292: checking for strcasecmp
configure:5292: gcc-4.4.3 -o conftest -g -O2   conftest.c  >&5
conftest.c:72: warning: conflicting types for built-in function 'strcasecmp'
configure:5292: $? = 0
configure:5292: result: yes
configure:5292: checking for strdup
configure:5292: gcc-4.4.3 -o conftest -g -O2   conftest.c  >&5
conftest.c:73: warning: conflicting types for built-in function 'strdup'
configure:5292: $? = 0
configure:5292: result: yes
configure:5292: checking for strstr
configure:5292: gcc-4.4.3 -o conftest -g -O2   conftest.c  >&5
conftest.c:74: warning: conflicting types for built-in function 'strstr'
configure:5292: $? = 0
configure:5292: result: yes
configure:5301: checking for pthread_create in -lpthread
configure:5326: gcc-4.4.3 -o conftest -g -O2   conftest.c -lpthread   >&5
configure:5326: $? = 0
configure:5335: result: yes
configure:5503: creating ./config.status

## ---------------------- ##
## Running config.status. ##
## ---------------------- ##

This file was extended by config.status, which was
generated by GNU Autoconf 2.67.  Invocation command line was

  CONFIG_FILES    = 
  CONFIG_HEADERS  = 
  CONFIG_LINKS    = 
  CONFIG_COMMANDS = 
  $ ./config.status 

on osl-96

config.status:803: creating Makefile
config.status:803: creating src/Makefile
config.status:803: creating src/libnetwork/Makefile
config.status:803: creating src/libgpukernel/Makefile
config.status:803: creating src/libgpudisasm/Makefile
config.status:803: creating src/libcachesystem/Makefile
config.status:803: creating src/libm2skernel/Makefile
config.status:803: creating src/libdisasm/Makefile
config.status:803: creating src/libesim/Makefile
config.status:803: creating src/libmhandle/Makefile
config.status:803: creating src/libopt/Makefile
config.status:803: creating src/libstruct/Makefile
config.status:803: creating src/libmisc/Makefile
config.status:974: executing depfiles commands

## ---------------- ##
## Cache variables. ##
## ---------------- ##

ac_cv_c_compiler_gnu=yes
ac_cv_c_const=yes
ac_cv_cxx_compiler_gnu=yes
ac_cv_env_CCC_set=
ac_cv_env_CCC_value=
ac_cv_env_CC_set=set
ac_cv_env_CC_value=gcc-4.4.3
ac_cv_env_CFLAGS_set=
ac_cv_env_CFLAGS_value=
ac_cv_env_CPPFLAGS_set=
ac_cv_env_CPPFLAGS_value=
ac_cv_env_CPP_set=
ac_cv_env_CPP_value=
ac_cv_env_CXXFLAGS_set=
ac_cv_env_CXXFLAGS_value=
ac_cv_env_CXX_set=
ac_cv_env_CXX_value=
ac_cv_env_LDFLAGS_set=
ac_cv_env_LDFLAGS_value=
ac_cv_env_LIBS_set=
ac_cv_env_LIBS_value=
ac_cv_env_build_alias_set=
ac_cv_env_build_alias_value=
ac_cv_env_host_alias_set=
ac_cv_env_host_alias_value=
ac_cv_env_target_alias_set=
ac_cv_env_target_alias_value=
ac_cv_func__doprnt=no
ac_cv_func_alarm=yes
ac_cv_func_bzero=yes
ac_cv_func_ftruncate=yes
ac_cv_func_getcwd=yes
ac_cv_func_gettimeofday=yes
ac_cv_func_lstat_dereferences_slashed_symlink=yes
ac_cv_func_lstat_empty_string_bug=no
ac_cv_func_malloc_0_nonnull=yes
ac_cv_func_mkdir=yes
ac_cv_func_realloc_0_nonnull=yes
ac_cv_func_stat_empty_string_bug=no
ac_cv_func_strcasecmp=yes
ac_cv_func_strdup=yes
ac_cv_func_strstr=yes
ac_cv_func_vprintf=yes
ac_cv_header_fcntl_h=yes
ac_cv_header_inttypes_h=yes
ac_cv_header_memory_h=yes
ac_cv_header_stdc=yes
ac_cv_header_stdint_h=yes
ac_cv_header_stdlib_h=yes
ac_cv_header_string_h=yes
ac_cv_header_strings_h=yes
ac_cv_header_sys_ioctl_h=yes
ac_cv_header_sys_stat_h=yes
ac_cv_header_sys_time_h=yes
ac_cv_header_sys_types_h=yes
ac_cv_header_sys_wait_h=yes
ac_cv_header_termios_h=yes
ac_cv_header_time=yes
ac_cv_header_unistd_h=yes
ac_cv_lib_pthread_pthread_create=yes
ac_cv_member_struct_stat_st_blksize=yes
ac_cv_member_struct_stat_st_blocks=yes
ac_cv_member_struct_stat_st_rdev=yes
ac_cv_objext=o
ac_cv_path_EGREP='/bin/grep -E'
ac_cv_path_GREP=/bin/grep
ac_cv_path_install='/usr/bin/install -c'
ac_cv_path_mkdir=/bin/mkdir
ac_cv_prog_AWK=gawk
ac_cv_prog_CPP='gcc-4.4.3 -E'
ac_cv_prog_ac_ct_CC=gcc-4.4.3
ac_cv_prog_ac_ct_CXX=g++
ac_cv_prog_ac_ct_RANLIB=ranlib
ac_cv_prog_cc_c89=
ac_cv_prog_cc_g=yes
ac_cv_prog_cxx_g=yes
ac_cv_prog_gcc_traditional=no
ac_cv_prog_make_make_set=yes
ac_cv_type_signal=void
ac_cv_type_size_t=yes
am_cv_CC_dependencies_compiler_type=gcc3
am_cv_CXX_dependencies_compiler_type=gcc3

## ----------------- ##
## Output variables. ##
## ----------------- ##

ACLOCAL='${SHELL} /users/ug11/venkateshn/Documents/os/6/both/guestos/missing --run aclocal-1.11'
AMDEPBACKSLASH='\'
AMDEP_FALSE='#'
AMDEP_TRUE=''
AMTAR='${SHELL} /users/ug11/venkateshn/Documents/os/6/both/guestos/missing --run tar'
AUTOCONF='${SHELL} /users/ug11/venkateshn/Documents/os/6/both/guestos/missing --run autoconf'
AUTOHEADER='${SHELL} /users/ug11/venkateshn/Documents/os/6/both/guestos/missing --run autoheader'
AUTOMAKE='${SHELL} /users/ug11/venkateshn/Documents/os/6/both/guestos/missing --run automake-1.11'
AWK='gawk'
CC='gcc-4.4.3'
CCDEPMODE='depmode=gcc3'
CFLAGS='-g -O2'
CPP='gcc-4.4.3 -E'
CPPFLAGS=''
CXX='g++'
CXXDEPMODE='depmode=gcc3'
CXXFLAGS='-g -O2'
CYGPATH_W='echo'
DEFS='-DPACKAGE_NAME=\"\" -DPACKAGE_TARNAME=\"\" -DPACKAGE_VERSION=\"\" -DPACKAGE_STRING=\"\" -DPACKAGE_BUGREPORT=\"\" -DPACKAGE_URL=\"\" -DPACKAGE=\"multi2sim\" -DVERSION=\"3.0.2\" -DSTDC_HEADERS=1 -DHAVE_SYS_WAIT_H=1 -DHAVE_SYS_TYPES_H=1 -DHAVE_SYS_STAT_H=1 -DHAVE_STDLIB_H=1 -DHAVE_STRING_H=1 -DHAVE_MEMORY_H=1 -DHAVE_STRINGS_H=1 -DHAVE_INTTYPES_H=1 -DHAVE_STDINT_H=1 -DHAVE_UNISTD_H=1 -DHAVE_FCNTL_H=1 -DHAVE_STDINT_H=1 -DHAVE_STDLIB_H=1 -DHAVE_STRING_H=1 -DHAVE_SYS_IOCTL_H=1 -DHAVE_SYS_TIME_H=1 -DHAVE_TERMIOS_H=1 -DHAVE_UNISTD_H=1 -DHAVE_STRUCT_STAT_ST_BLKSIZE=1 -DHAVE_STRUCT_STAT_ST_BLOCKS=1 -DHAVE_ST_BLOCKS=1 -DHAVE_STRUCT_STAT_ST_RDEV=1 -DTIME_WITH_SYS_TIME=1 -DLSTAT_FOLLOWS_SLASHED_SYMLINK=1 -DLSTAT_FOLLOWS_SLASHED_SYMLINK=1 -DHAVE_STDLIB_H=1 -DHAVE_MALLOC=1 -DHAVE_STDLIB_H=1 -DHAVE_REALLOC=1 -DRETSIGTYPE=void -DHAVE_VPRINTF=1 -DHAVE_ALARM=1 -DHAVE_BZERO=1 -DHAVE_FTRUNCATE=1 -DHAVE_GETCWD=1 -DHAVE_GETTIMEOFDAY=1 -DHAVE_MKDIR=1 -DHAVE_STRCASECMP=1 -DHAVE_STRDUP=1 -DHAVE_STRSTR=1'
DEPDIR='.deps'
ECHO_C=''
ECHO_N='-n'
ECHO_T=''
EGREP='/bin/grep -E'
EXEEXT=''
GREP='/bin/grep'
INSTALL_DATA='${INSTALL} -m 644'
INSTALL_PROGRAM='${INSTALL}'
INSTALL_SCRIPT='${INSTALL}'
INSTALL_STRIP_PROGRAM='$(install_sh) -c -s'
LDFLAGS=''
LIBOBJS=''
LIBS=''
LTLIBOBJS=''
MAKEINFO='${SHELL} /users/ug11/venkateshn/Documents/os/6/both/guestos/missing --run makeinfo'
MKDIR_P='/bin/mkdir -p'
OBJEXT='o'
PACKAGE='multi2sim'
PACKAGE_BUGREPORT=''
PACKAGE_NAME=''
PACKAGE_STRING=''
PACKAGE_TARNAME=''
PACKAGE_URL=''
PACKAGE_VERSION=''
PATH_SEPARATOR=':'
RANLIB='ranlib'
SET_MAKE=''
SHELL='/bin/bash'
STRIP=''
VERSION='3.0.2'
ac_ct_CC='gcc-4.4.3'
ac_ct_CXX='g++'
am__EXEEXT_FALSE=''
am__EXEEXT_TRUE='#'
am__fastdepCC_FALSE='#'
am__fastdepCC_TRUE=''
am__fastdepCXX_FALSE='#'
am__fastdepCXX_TRUE=''
am__include='include'
am__isrc=''
am__leading_dot='.'
am__quote=''
am__tar='${AMTAR} chof - "$$tardir"'
am__untar='${AMTAR} xf -'
bindir='${exec_prefix}/bin'
build_alias=''
datadir='${datarootdir}'
datarootdir='${prefix}/share'
docdir='${datarootdir}/doc/${PACKAGE}'
dvidir='${docdir}'
exec_prefix='${prefix}'
host_alias=''
htmldir='${docdir}'
includedir='${prefix}/include'
infodir='${datarootdir}/info'
install_sh='${SHELL} /users/ug11/venkateshn/Documents/os/6/both/guestos/install-sh'
libdir='${exec_prefix}/lib'
libexecdir='${exec_prefix}/libexec'
localedir='${datarootdir}/locale'
localstatedir='${prefix}/var'
mandir='${datarootdir}/man'
mkdir_p='/bin/mkdir -p'
oldincludedir='/usr/include'
pdfdir='${docdir}'
prefix='/usr/local'
program_transform_name='s,x,x,'
psdir='${docdir}'
sbindir='${exec_prefix}/sbin'
sharedstatedir='${prefix}/com'
sysconfdir='${prefix}/etc'
target_alias=''

## ----------- ##
## confdefs.h. ##
## ----------- ##

/* confdefs.h */
#define PACKAGE_NAME ""
#define PACKAGE_TARNAME ""
#define PACKAGE_VERSION ""
#define PACKAGE_STRING ""
#define PACKAGE_BUGREPORT ""
#define PACKAGE_URL ""
#define PACKAGE "multi2sim"
#define VERSION "3.0.2"
#define STDC_HEADERS 1
#define HAVE_SYS_WAIT_H 1
#define HAVE_SYS_TYPES_H 1
#define HAVE_SYS_STAT_H 1
#define HAVE_STDLIB_H 1
#define HAVE_STRING_H 1
#define HAVE_MEMORY_H 1
#define HAVE_STRINGS_H 1
#define HAVE_INTTYPES_H 1
#define HAVE_STDINT_H 1
#define HAVE_UNISTD_H 1
#define HAVE_FCNTL_H 1
#define HAVE_STDINT_H 1
#define HAVE_STDLIB_H 1
#define HAVE_STRING_H 1
#define HAVE_SYS_IOCTL_H 1
#define HAVE_SYS_TIME_H 1
#define HAVE_TERMIOS_H 1
#define HAVE_UNISTD_H 1
#define HAVE_STRUCT_STAT_ST_BLKSIZE 1
#define HAVE_STRUCT_STAT_ST_BLOCKS 1
#define HAVE_ST_BLOCKS 1
#define HAVE_STRUCT_STAT_ST_RDEV 1
#define TIME_WITH_SYS_TIME 1
#define LSTAT_FOLLOWS_SLASHED_SYMLINK 1
#define LSTAT_FOLLOWS_SLASHED_SYMLINK 1
#define HAVE_STDLIB_H 1
#define HAVE_MALLOC 1
#define HAVE_STDLIB_H 1
#define HAVE_REALLOC 1
#define RETSIGTYPE void
#define HAVE_VPRINTF 1
#define HAVE_ALARM 1
#define HAVE_BZERO 1
#define HAVE_FTRUNCATE 1
#define HAVE_GETCWD 1
#define HAVE_GETTIMEOFDAY 1
#define HAVE_MKDIR 1
#define HAVE_STRCASECMP 1
#define HAVE_STRDUP 1
#define HAVE_STRSTR 1

configure: exit 0
